TN:
SF:src/CacheManager.ts
FN:23,(anonymous_1)
FN:43,(anonymous_2)
FN:78,(anonymous_3)
FN:94,(anonymous_4)
FNF:4
FNH:0
FNDA:0,(anonymous_1)
FNDA:0,(anonymous_2)
FNDA:0,(anonymous_3)
FNDA:0,(anonymous_4)
DA:1,0
DA:2,0
DA:3,0
DA:15,0
DA:24,0
DA:25,0
DA:26,0
DA:27,0
DA:29,0
DA:30,0
DA:44,0
DA:46,0
DA:48,0
DA:49,0
DA:50,0
DA:55,0
DA:57,0
DA:60,0
DA:61,0
DA:65,0
DA:67,0
DA:79,0
DA:80,0
DA:85,0
DA:95,0
DA:96,0
DA:97,0
DA:98,0
DA:99,0
DA:101,0
DA:102,0
LF:31
LH:0
BRDA:24,0,0,0
BRDA:24,0,1,0
BRDA:25,1,0,0
BRDA:46,2,0,0
BRDA:50,3,0,0
BRDA:51,4,0,0
BRDA:51,4,1,0
BRDA:51,4,2,0
BRDA:55,5,0,0
BRDA:55,5,1,0
BRDA:55,6,0,0
BRDA:55,6,1,0
BRDA:65,7,0,0
BRDA:65,7,1,0
BRDA:78,8,0,0
BRDA:96,9,0,0
BRF:16
BRH:0
end_of_record
TN:
SF:src/PromptManager.ts
FN:28,(anonymous_0)
FN:37,(anonymous_1)
FN:46,(anonymous_2)
FN:47,(anonymous_3)
FN:61,(anonymous_4)
FNF:5
FNH:0
FNDA:0,(anonymous_0)
FNDA:0,(anonymous_1)
FNDA:0,(anonymous_2)
FNDA:0,(anonymous_3)
FNDA:0,(anonymous_4)
DA:16,0
DA:18,0
DA:29,0
DA:38,0
DA:47,0
DA:62,0
DA:63,0
DA:64,0
DA:70,0
LF:9
LH:0
BRDA:63,0,0,0
BRF:1
BRH:0
end_of_record
TN:
SF:src/ToolManager.ts
FN:35,(anonymous_0)
FN:44,(anonymous_1)
FN:53,(anonymous_2)
FN:54,(anonymous_3)
FN:68,(anonymous_4)
FN:85,(anonymous_5)
FNF:6
FNH:0
FNDA:0,(anonymous_0)
FNDA:0,(anonymous_1)
FNDA:0,(anonymous_2)
FNDA:0,(anonymous_3)
FNDA:0,(anonymous_4)
FNDA:0,(anonymous_5)
DA:23,0
DA:25,0
DA:36,0
DA:45,0
DA:54,0
DA:69,0
DA:70,0
DA:71,0
DA:77,0
DA:86,0
LF:10
LH:0
BRDA:70,0,0,0
BRF:1
BRH:0
end_of_record
TN:
SF:src/prompts/BasePrompt.ts
FN:1,(anonymous_0)
FNF:1
FNH:0
FNDA:0,(anonymous_0)
DA:1,0
DA:15,0
LF:2
LH:0
BRF:0
BRH:0
end_of_record
TN:
SF:src/prompts/RefreshCachePrompt.ts
FN:6,(anonymous_0)
FN:21,(anonymous_1)
FNF:2
FNH:0
FNDA:0,(anonymous_0)
FNDA:0,(anonymous_1)
DA:1,0
DA:6,0
DA:7,0
DA:8,0
DA:9,0
DA:22,0
DA:23,0
DA:26,0
DA:29,0
DA:30,0
DA:33,0
DA:44,0
DA:47,0
LF:13
LH:0
BRDA:26,0,0,0
BRDA:26,0,1,0
BRDA:26,0,2,0
BRF:3
BRH:0
end_of_record
TN:
SF:src/tools/BaseTool.ts
FN:49,(anonymous_0)
FN:87,(anonymous_1)
FN:109,(anonymous_2)
FN:119,(anonymous_3)
FNF:4
FNH:0
FNDA:0,(anonymous_0)
FNDA:0,(anonymous_1)
FNDA:0,(anonymous_2)
FNDA:0,(anonymous_3)
DA:38,0
DA:50,0
DA:89,0
DA:92,0
DA:93,0
DA:97,0
DA:98,0
DA:101,0
DA:110,0
DA:120,0
LF:10
LH:0
BRDA:92,0,0,0
BRDA:92,1,0,0
BRDA:92,1,1,0
BRDA:97,2,0,0
BRDA:119,3,0,0
BRF:5
BRH:0
end_of_record
TN:
SF:src/tools/completeTask.ts
FN:21,(anonymous_0)
FN:37,(anonymous_1)
FN:57,(anonymous_2)
FN:59,(anonymous_3)
FN:66,(anonymous_4)
FNF:5
FNH:0
FNDA:0,(anonymous_0)
FNDA:0,(anonymous_1)
FNDA:0,(anonymous_2)
FNDA:0,(anonymous_3)
FNDA:0,(anonymous_4)
DA:10,0
DA:21,0
DA:22,0
DA:39,0
DA:40,0
DA:58,0
DA:59,0
DA:66,0
LF:8
LH:0
BRDA:41,0,0,0
BRDA:41,0,1,0
BRF:2
BRH:0
end_of_record
TN:
SF:src/tools/createTask.ts
FN:28,(anonymous_0)
FN:90,(anonymous_1)
FN:111,(anonymous_2)
FNF:3
FNH:0
FNDA:0,(anonymous_0)
FNDA:0,(anonymous_1)
FNDA:0,(anonymous_2)
DA:11,0
DA:13,0
DA:28,0
DA:30,0
DA:92,0
DA:93,0
DA:113,0
DA:118,0
DA:119,0
DA:120,0
DA:121,0
DA:122,0
DA:123,0
DA:124,0
DA:125,0
DA:126,0
DA:129,0
DA:132,0
DA:133,0
DA:134,0
DA:135,0
DA:136,0
DA:137,0
DA:138,0
DA:139,0
DA:140,0
DA:141,0
DA:143,0
LF:28
LH:0
BRDA:94,0,0,0
BRDA:94,0,1,0
BRDA:118,1,0,0
BRDA:119,2,0,0
BRDA:120,3,0,0
BRDA:121,4,0,0
BRDA:122,5,0,0
BRDA:122,6,0,0
BRDA:122,6,1,0
BRDA:123,7,0,0
BRDA:124,8,0,0
BRDA:125,9,0,0
BRDA:126,10,0,0
BRDA:133,11,0,0
BRDA:134,12,0,0
BRDA:135,13,0,0
BRDA:136,14,0,0
BRDA:137,15,0,0
BRDA:137,16,0,0
BRDA:137,16,1,0
BRDA:138,17,0,0
BRDA:139,18,0,0
BRDA:140,19,0,0
BRDA:141,20,0,0
BRDA:141,21,0,0
BRDA:141,21,1,0
BRF:26
BRH:0
end_of_record
TN:
SF:src/tools/deleteCache.ts
FN:13,(anonymous_0)
FN:32,(anonymous_1)
FN:43,(anonymous_2)
FNF:3
FNH:0
FNDA:0,(anonymous_0)
FNDA:0,(anonymous_1)
FNDA:0,(anonymous_2)
DA:2,0
DA:13,0
DA:14,0
DA:33,0
DA:44,0
DA:45,0
DA:46,0
DA:47,0
DA:52,0
DA:60,0
LF:10
LH:0
BRDA:33,0,0,0
BRDA:33,0,1,0
BRDA:33,0,2,0
BRDA:46,1,0,0
BRDA:46,1,1,0
BRF:5
BRH:0
end_of_record
TN:
SF:src/tools/deleteTask.ts
FN:21,(anonymous_0)
FN:37,(anonymous_1)
FN:57,(anonymous_2)
FN:59,(anonymous_3)
FN:66,(anonymous_4)
FNF:5
FNH:0
FNDA:0,(anonymous_0)
FNDA:0,(anonymous_1)
FNDA:0,(anonymous_2)
FNDA:0,(anonymous_3)
FNDA:0,(anonymous_4)
DA:10,0
DA:21,0
DA:22,0
DA:39,0
DA:40,0
DA:58,0
DA:59,0
DA:66,0
LF:8
LH:0
BRDA:41,0,0,0
BRDA:41,0,1,0
BRF:2
BRH:0
end_of_record
TN:
SF:src/tools/getProjects.ts
FN:21,(anonymous_0)
FN:43,(anonymous_1)
FN:61,(anonymous_2)
FN:75,(anonymous_3)
FNF:4
FNH:0
FNDA:0,(anonymous_0)
FNDA:0,(anonymous_1)
FNDA:0,(anonymous_2)
FNDA:0,(anonymous_3)
DA:10,0
DA:21,0
DA:22,0
DA:45,0
DA:62,0
DA:65,0
DA:66,0
DA:68,0
DA:69,0
DA:70,0
DA:71,0
DA:75,0
DA:76,0
DA:79,0
LF:14
LH:0
BRDA:66,0,0,0
BRDA:82,1,0,0
BRDA:82,1,1,0
BRF:3
BRH:0
end_of_record
TN:
SF:src/tools/getTasks.ts
FN:26,(anonymous_0)
FN:69,(anonymous_1)
FN:88,(anonymous_2)
FN:98,(anonymous_3)
FN:101,(anonymous_4)
FN:117,(anonymous_5)
FN:120,(anonymous_6)
FN:138,(anonymous_7)
FNF:8
FNH:0
FNDA:0,(anonymous_0)
FNDA:0,(anonymous_1)
FNDA:0,(anonymous_2)
FNDA:0,(anonymous_3)
FNDA:0,(anonymous_4)
FNDA:0,(anonymous_5)
FNDA:0,(anonymous_6)
FNDA:0,(anonymous_7)
DA:11,0
DA:14,0
DA:26,0
DA:27,0
DA:71,0
DA:90,0
DA:92,0
DA:94,0
DA:96,0
DA:97,0
DA:99,0
DA:102,0
DA:103,0
DA:105,0
DA:108,0
DA:109,0
DA:110,0
DA:111,0
DA:112,0
DA:115,0
DA:116,0
DA:118,0
DA:121,0
DA:122,0
DA:127,0
DA:128,0
DA:138,0
DA:139,0
DA:142,0
LF:29
LH:0
BRDA:94,0,0,0
BRDA:94,0,1,0
BRDA:94,1,0,0
BRDA:94,1,1,0
BRDA:127,2,0,0
BRDA:139,3,0,0
BRDA:139,3,1,0
BRDA:139,4,0,0
BRDA:139,4,1,0
BRDA:139,5,0,0
BRDA:139,5,1,0
BRDA:139,6,0,0
BRDA:139,6,1,0
BRDA:139,7,0,0
BRDA:139,7,1,0
BRDA:145,8,0,0
BRDA:145,8,1,0
BRF:17
BRH:0
end_of_record
TN:
SF:src/tools/updateTask.ts
FN:23,(anonymous_0)
FN:82,(anonymous_1)
FN:101,(anonymous_2)
FNF:3
FNH:0
FNDA:0,(anonymous_0)
FNDA:0,(anonymous_1)
FNDA:0,(anonymous_2)
DA:10,0
DA:12,0
DA:23,0
DA:24,0
DA:84,0
DA:85,0
DA:102,0
DA:103,0
DA:105,0
DA:106,0
DA:108,0
DA:118,0
DA:119,0
DA:120,0
DA:121,0
DA:122,0
DA:123,0
DA:124,0
DA:125,0
DA:126,0
DA:127,0
DA:128,0
DA:131,0
DA:134,0
DA:135,0
DA:136,0
DA:137,0
DA:138,0
DA:139,0
DA:140,0
DA:141,0
DA:142,0
DA:143,0
DA:145,0
LF:34
LH:0
BRDA:85,0,0,0
BRDA:85,0,1,0
BRDA:119,1,0,0
BRDA:120,2,0,0
BRDA:121,3,0,0
BRDA:122,4,0,0
BRDA:123,5,0,0
BRDA:124,6,0,0
BRDA:125,7,0,0
BRDA:126,8,0,0
BRDA:127,9,0,0
BRDA:128,10,0,0
BRDA:135,11,0,0
BRDA:136,12,0,0
BRDA:137,13,0,0
BRDA:138,14,0,0
BRDA:139,15,0,0
BRDA:139,16,0,0
BRDA:139,16,1,0
BRDA:140,17,0,0
BRDA:141,18,0,0
BRDA:142,19,0,0
BRDA:143,20,0,0
BRDA:143,21,0,0
BRDA:143,21,1,0
BRF:25
BRH:0
end_of_record
TN:
SF:src/utils/filterFormatter.ts
FN:127,formatFilter
FN:150,(anonymous_1)
FN:151,(anonymous_2)
FN:159,(anonymous_3)
FN:160,(anonymous_4)
FN:161,(anonymous_5)
FN:163,(anonymous_6)
FN:172,(anonymous_7)
FN:175,(anonymous_8)
FN:188,(anonymous_9)
FN:189,(anonymous_10)
FN:215,isAlreadyTodoistSyntax
FN:228,(anonymous_12)
FN:243,(anonymous_13)
FN:249,getFilterExamples
FNF:15
FNH:11
FNDA:13,formatFilter
FNDA:66,(anonymous_1)
FNDA:825,(anonymous_2)
FNDA:0,(anonymous_3)
FNDA:0,(anonymous_4)
FNDA:0,(anonymous_5)
FNDA:33,(anonymous_6)
FNDA:4026,(anonymous_7)
FNDA:825,(anonymous_8)
FNDA:19,(anonymous_9)
FNDA:5,(anonymous_10)
FNDA:13,isAlreadyTodoistSyntax
FNDA:85,(anonymous_12)
FNDA:84,(anonymous_13)
FNDA:0,getFilterExamples
DA:10,1
DA:127,1
DA:128,13
DA:129,0
DA:133,13
DA:136,13
DA:137,1
DA:140,12
DA:141,1
DA:145,11
DA:146,11
DA:149,11
DA:150,11
DA:151,66
DA:152,825
DA:158,11
DA:159,0
DA:160,0
DA:161,0
DA:163,11
DA:164,33
DA:165,33
DA:166,0
DA:167,0
DA:172,4026
DA:175,11
DA:176,825
DA:177,11
DA:179,11
DA:185,11
DA:186,11
DA:188,19
DA:189,5
DA:194,11
DA:195,5
DA:196,5
DA:198,0
DA:203,11
DA:204,0
DA:208,11
DA:209,11
DA:217,13
DA:228,85
DA:229,1
DA:233,12
DA:243,84
DA:249,1
DA:250,0
LF:48
LH:39
BRDA:128,0,0,0
BRDA:128,1,0,13
BRDA:128,1,1,13
BRDA:129,2,0,0
BRDA:129,2,1,0
BRDA:136,3,0,1
BRDA:140,4,0,1
BRDA:165,5,0,0
BRDA:165,6,0,33
BRDA:165,6,1,0
BRDA:176,7,0,11
BRDA:188,8,0,19
BRDA:188,8,1,16
BRDA:194,9,0,5
BRDA:195,10,0,5
BRDA:195,10,1,0
BRDA:203,11,0,0
BRDA:228,12,0,1
BRF:18
BRH:11
end_of_record
TN:
SF:src/utils/priorityMapper.ts
FN:48,mapPriority
FN:72,isValidPriority
FNF:2
FNH:0
FNDA:0,mapPriority
FNDA:0,isValidPriority
DA:21,0
DA:48,0
DA:49,0
DA:52,0
DA:53,0
DA:54,0
DA:58,0
DA:59,0
DA:60,0
DA:63,0
DA:72,0
DA:73,0
DA:74,0
DA:77,0
DA:78,0
DA:79,0
DA:83,0
DA:84,0
DA:86,0
LF:19
LH:0
BRDA:53,0,0,0
BRDA:53,1,0,0
BRDA:53,1,1,0
BRDA:53,1,2,0
BRDA:59,2,0,0
BRDA:78,3,0,0
BRDA:78,4,0,0
BRDA:78,4,1,0
BRDA:78,4,2,0
BRF:9
BRH:0
end_of_record
